<?xml version="1.0" encoding="UTF-8"?>
<!-- Generated by org.testng.reporters.JUnitReportReporter -->
<testsuite skipped="0" hostname="Sahithi" name="com.flipkart.Login" tests="1" failures="0" timestamp="24 Oct 2020 15:15:02 GMT" time="28.216" errors="0">
  <testcase name="loginFlipkart" time="28.216" classname="com.flipkart.Login"/>
</testsuite> <!-- com.flipkart.Login -->
