<?xml version="1.0" encoding="UTF-8"?>
<!-- Generated by org.testng.reporters.JUnitReportReporter -->
<testsuite skipped="3" hostname="Sahithi" name="com.flipkart.Login" tests="4" failures="0" timestamp="2020-10-25T00:55:18 IST" time="30.896" errors="0">
  <testcase name="loginFlipkart" time="30.896" classname="com.flipkart.Login"/>
  <system-out/>
  <testcase name="iFrameExample" classname="com.flipkart.Login">
    <skipped/>
  </testcase> <!-- iFrameExample -->
  <system-out/>
  <testcase name="electronics" classname="com.flipkart.Login">
    <skipped/>
  </testcase> <!-- electronics -->
  <system-out/>
  <testcase name="electronics_ContextClick" classname="com.flipkart.Login">
    <skipped/>
  </testcase> <!-- electronics_ContextClick -->
  <system-out/>
</testsuite> <!-- com.flipkart.Login -->
